<?xml version="1.0" encoding="UTF-8"?>
<!-- Generated by org.testng.reporters.JUnitXMLReporter -->
<testsuite ignored="1" hostname="DESKTOP-6BAEOA2" failures="0" tests="3" name="Default test(failed)" time="38.918" errors="0" timestamp="2021-11-06T20:45:15 IST">
  <testcase classname="Extentreport.Report" name="Validatetitle" time="0.063"/>
  <testcase classname="Extentreport.Report" name="GmailNavigate" time="16.117"/>
  <testcase classname="Extentreport.Report" name="skiptest" time="0.014"/>
  <testcase classname="Extentreport.Report" name="Logintest" time="0.0">
    <ignored/>
  </testcase> <!-- Logintest -->
</testsuite> <!-- Default test(failed) -->
