<?xml version="1.0" encoding="UTF-8"?>
<!-- Generated by org.testng.reporters.JUnitXMLReporter -->
<testsuite ignored="0" hostname="DESKTOP-6BAEOA2" failures="1" tests="1" name="Test" time="12.13" errors="0" timestamp="2021-10-30T21:00:27 IST">
  <testcase classname="TestNGListenerConcept.ScreenshotTest" name="takeScreenshotTest" time="0.025">
    <failure type="java.lang.AssertionError" message="expected [true] but found [false]">
      <![CDATA[java.lang.AssertionError: expected [true] but found [false]
at TestNGListenerConcept.ScreenshotTest.takeScreenshotTest(ScreenshotTest.java:31)
at java.base/java.util.ArrayList.forEach(ArrayList.java:1511)
... Removed 33 stack frames]]>
    </failure>
  </testcase> <!-- takeScreenshotTest -->
</testsuite> <!-- Test -->
