<?xml version="1.0" encoding="UTF-8"?>
<!-- Generated by org.testng.reporters.JUnitXMLReporter -->
<testsuite ignored="0" hostname="DESKTOP-6BAEOA2" failures="2" tests="11" name="RetryMulitpleFailedTestCases" time="0.239" errors="0" timestamp="2021-11-02T08:44:23 IST">
  <testcase classname="Mytests.MyTest" name="Test1" time="0.027">
    <skipped/>
  </testcase> <!-- Test1 -->
  <testcase classname="Mytests.MyTest" name="Test1" time="0.008">
    <skipped/>
  </testcase> <!-- Test1 -->
  <testcase classname="Mytests.MyTest" name="Test1" time="0.004">
    <skipped/>
  </testcase> <!-- Test1 -->
  <testcase classname="Mytests.MyTest" name="Test1" time="0.003">
    <skipped/>
  </testcase> <!-- Test1 -->
  <testcase classname="Mytests.MyTest" name="Test1" time="0.01">
    <failure type="java.lang.AssertionError" message="expected [true] but found [false]">
      <![CDATA[java.lang.AssertionError: expected [true] but found [false]
at Mytests.MyTest.Test1(MyTest.java:15)
at java.base/java.util.ArrayList.forEach(ArrayList.java:1511)
... Removed 33 stack frames]]>
    </failure>
  </testcase> <!-- Test1 -->
  <testcase classname="Mytests.MyTest" name="Test2" time="0.009"/>
  <testcase classname="Mytests.MyTest" name="Test3" time="0.003">
    <skipped/>
  </testcase> <!-- Test3 -->
  <testcase classname="Mytests.MyTest" name="Test3" time="0.003">
    <skipped/>
  </testcase> <!-- Test3 -->
  <testcase classname="Mytests.MyTest" name="Test3" time="0.002">
    <skipped/>
  </testcase> <!-- Test3 -->
  <testcase classname="Mytests.MyTest" name="Test3" time="0.003">
    <skipped/>
  </testcase> <!-- Test3 -->
  <testcase classname="Mytests.MyTest" name="Test3" time="0.002">
    <failure type="java.lang.AssertionError" message="expected [true] but found [false]">
      <![CDATA[java.lang.AssertionError: expected [true] but found [false]
at Mytests.MyTest.Test3(MyTest.java:29)
at java.base/java.util.ArrayList.forEach(ArrayList.java:1511)
... Removed 33 stack frames]]>
    </failure>
  </testcase> <!-- Test3 -->
</testsuite> <!-- RetryMulitpleFailedTestCases -->
